<?xml version="1.0" encoding="UTF-8"?>
<coverage generated="1733141922591" clover="3.2.0">
  <project timestamp="1733141922591" name="All files">
    <metrics statements="13" coveredstatements="8" conditionals="8" coveredconditionals="2" methods="3" coveredmethods="2" elements="24" coveredelements="12" complexity="0" loc="13" ncloc="13" packages="1" files="1" classes="1"/>
    <file name="LoginPage.jsx" path="D:\КПІ\кпі варава\проект\group6\frontend\src\pages\LoginPage.jsx">
      <metrics statements="13" coveredstatements="8" conditionals="8" coveredconditionals="2" methods="3" coveredmethods="2"/>
      <line num="6" count="1" type="stmt"/>
      <line num="7" count="3" type="stmt"/>
      <line num="12" count="3" type="stmt"/>
      <line num="14" count="3" type="stmt"/>
      <line num="15" count="2" type="stmt"/>
      <line num="16" count="2" type="stmt"/>
      <line num="22" count="3" type="stmt"/>
      <line num="23" count="0" type="stmt"/>
      <line num="24" count="0" type="stmt"/>
      <line num="26" count="0" type="cond" truecount="0" falsecount="4"/>
      <line num="27" count="0" type="stmt"/>
      <line num="30" count="0" type="stmt"/>
      <line num="34" count="3" type="stmt"/>
    </file>
  </project>
</coverage>
