{"D:\\КПІ\\кпі варава\\проект\\group6\\frontend\\src\\pages\\LoginPage.jsx": {"path":"D:\\КПІ\\кпі варава\\проект\\group6\\frontend\\src\\pages\\LoginPage.jsx","statementMap":{"0":{"start":{"line":6,"column":25},"end":{"line":113,"column":1}},"1":{"start":{"line":7,"column":34},"end":{"line":11,"column":4}},"2":{"start":{"line":12,"column":28},"end":{"line":12,"column":40}},"3":{"start":{"line":14,"column":23},"end":{"line":20,"column":3}},"4":{"start":{"line":15,"column":43},"end":{"line":15,"column":51}},"5":{"start":{"line":16,"column":4},"end":{"line":19,"column":7}},"6":{"start":{"line":22,"column":23},"end":{"line":32,"column":3}},"7":{"start":{"line":23,"column":4},"end":{"line":23,"column":23}},"8":{"start":{"line":24,"column":4},"end":{"line":24,"column":17}},"9":{"start":{"line":26,"column":4},"end":{"line":31,"column":5}},"10":{"start":{"line":27,"column":6},"end":{"line":27,"column":49}},"11":{"start":{"line":30,"column":6},"end":{"line":30,"column":35}},"12":{"start":{"line":34,"column":2},"end":{"line":112,"column":4}}},"fnMap":{"0":{"name":"(anonymous_0)","decl":{"start":{"line":6,"column":25},"end":{"line":6,"column":26}},"loc":{"start":{"line":6,"column":31},"end":{"line":113,"column":1}},"line":6},"1":{"name":"(anonymous_1)","decl":{"start":{"line":14,"column":23},"end":{"line":14,"column":24}},"loc":{"start":{"line":14,"column":30},"end":{"line":20,"column":3}},"line":14},"2":{"name":"(anonymous_2)","decl":{"start":{"line":22,"column":23},"end":{"line":22,"column":24}},"loc":{"start":{"line":22,"column":30},"end":{"line":32,"column":3}},"line":22}},"branchMap":{"0":{"loc":{"start":{"line":18,"column":14},"end":{"line":18,"column":51}},"type":"cond-expr","locations":[{"start":{"line":18,"column":36},"end":{"line":18,"column":43}},{"start":{"line":18,"column":46},"end":{"line":18,"column":51}}],"line":18},"1":{"loc":{"start":{"line":26,"column":4},"end":{"line":31,"column":5}},"type":"if","locations":[{"start":{"line":26,"column":4},"end":{"line":31,"column":5}},{"start":{"line":28,"column":11},"end":{"line":31,"column":5}}],"line":26},"2":{"loc":{"start":{"line":26,"column":8},"end":{"line":26,"column":45}},"type":"binary-expr","locations":[{"start":{"line":26,"column":8},"end":{"line":26,"column":23}},{"start":{"line":26,"column":27},"end":{"line":26,"column":45}}],"line":26},"3":{"loc":{"start":{"line":91,"column":11},"end":{"line":91,"column":66}},"type":"binary-expr","locations":[{"start":{"line":91,"column":11},"end":{"line":91,"column":16}},{"start":{"line":91,"column":20},"end":{"line":91,"column":66}}],"line":91}},"s":{"0":1,"1":3,"2":3,"3":3,"4":2,"5":2,"6":3,"7":0,"8":0,"9":0,"10":0,"11":0,"12":3},"f":{"0":3,"1":2,"2":0},"b":{"0":[0,2],"1":[0,0],"2":[0,0],"3":[3,0]},"_coverageSchema":"1a1c01bbd47fc00a2c39e90264f33305004495a9","hash":"1b3b63700d085683d91ca740838a56aa6b51c758"}
}
