{"C:\\Users\\HOME\\Documents\\GitHub\\group6\\backend\\controllers\\student.controller.js": {"path":"C:\\Users\\HOME\\Documents\\GitHub\\group6\\backend\\controllers\\student.controller.js","statementMap":{"0":{"start":{"line":11,"column":27},"end":{"line":19,"column":1}},"1":{"start":{"line":12,"column":4},"end":{"line":18,"column":5}},"2":{"start":{"line":13,"column":25},"end":{"line":13,"column":47}},"3":{"start":{"line":14,"column":8},"end":{"line":14,"column":63}},"4":{"start":{"line":16,"column":8},"end":{"line":16,"column":66}},"5":{"start":{"line":17,"column":8},"end":{"line":17,"column":73}},"6":{"start":{"line":22,"column":29},"end":{"line":71,"column":1}},"7":{"start":{"line":23,"column":24},"end":{"line":23,"column":32}},"8":{"start":{"line":26,"column":4},"end":{"line":28,"column":5}},"9":{"start":{"line":27,"column":8},"end":{"line":27,"column":104}},"10":{"start":{"line":30,"column":4},"end":{"line":70,"column":5}},"11":{"start":{"line":32,"column":22},"end":{"line":32,"column":81}},"12":{"start":{"line":33,"column":8},"end":{"line":35,"column":9}},"13":{"start":{"line":34,"column":12},"end":{"line":34,"column":110}},"14":{"start":{"line":38,"column":32},"end":{"line":43,"column":10}},"15":{"start":{"line":45,"column":8},"end":{"line":50,"column":9}},"16":{"start":{"line":46,"column":12},"end":{"line":49,"column":15}},"17":{"start":{"line":53,"column":27},"end":{"line":53,"column":51}},"18":{"start":{"line":54,"column":8},"end":{"line":54,"column":32}},"19":{"start":{"line":57,"column":8},"end":{"line":60,"column":10}},"20":{"start":{"line":62,"column":8},"end":{"line":62,"column":66}},"21":{"start":{"line":64,"column":8},"end":{"line":64,"column":64}},"22":{"start":{"line":65,"column":8},"end":{"line":69,"column":9}},"23":{"start":{"line":66,"column":12},"end":{"line":66,"column":112}},"24":{"start":{"line":68,"column":12},"end":{"line":68,"column":79}},"25":{"start":{"line":74,"column":26},"end":{"line":136,"column":1}},"26":{"start":{"line":75,"column":32},"end":{"line":75,"column":40}},"27":{"start":{"line":78,"column":4},"end":{"line":80,"column":5}},"28":{"start":{"line":79,"column":8},"end":{"line":79,"column":103}},"29":{"start":{"line":82,"column":4},"end":{"line":135,"column":5}},"30":{"start":{"line":83,"column":23},"end":{"line":83,"column":27}},"31":{"start":{"line":84,"column":19},"end":{"line":84,"column":23}},"32":{"start":{"line":87,"column":8},"end":{"line":87,"column":48}},"33":{"start":{"line":88,"column":8},"end":{"line":101,"column":9}},"34":{"start":{"line":89,"column":12},"end":{"line":89,"column":33}},"35":{"start":{"line":92,"column":12},"end":{"line":92,"column":52}},"36":{"start":{"line":93,"column":12},"end":{"line":100,"column":13}},"37":{"start":{"line":94,"column":16},"end":{"line":94,"column":37}},"38":{"start":{"line":96,"column":16},"end":{"line":96,"column":62}},"39":{"start":{"line":97,"column":16},"end":{"line":99,"column":17}},"40":{"start":{"line":98,"column":16},"end":{"line":98,"column":43}},"41":{"start":{"line":104,"column":8},"end":{"line":106,"column":9}},"42":{"start":{"line":105,"column":12},"end":{"line":105,"column":88}},"43":{"start":{"line":109,"column":8},"end":{"line":111,"column":9}},"44":{"start":{"line":110,"column":12},"end":{"line":110,"column":90}},"45":{"start":{"line":114,"column":23},"end":{"line":118,"column":9}},"46":{"start":{"line":121,"column":8},"end":{"line":129,"column":9}},"47":{"start":{"line":122,"column":26},"end":{"line":122,"column":78}},"48":{"start":{"line":124,"column":12},"end":{"line":126,"column":13}},"49":{"start":{"line":125,"column":16},"end":{"line":125,"column":110}},"50":{"start":{"line":128,"column":12},"end":{"line":128,"column":47}},"51":{"start":{"line":131,"column":8},"end":{"line":131,"column":39}},"52":{"start":{"line":133,"column":8},"end":{"line":133,"column":61}},"53":{"start":{"line":134,"column":8},"end":{"line":134,"column":75}},"54":{"start":{"line":138,"column":34},"end":{"line":156,"column":1}},"55":{"start":{"line":139,"column":26},"end":{"line":139,"column":36}},"56":{"start":{"line":141,"column":4},"end":{"line":155,"column":5}},"57":{"start":{"line":143,"column":22},"end":{"line":143,"column":68}},"58":{"start":{"line":144,"column":8},"end":{"line":146,"column":9}},"59":{"start":{"line":145,"column":12},"end":{"line":145,"column":89}},"60":{"start":{"line":149,"column":25},"end":{"line":149,"column":70}},"61":{"start":{"line":151,"column":8},"end":{"line":151,"column":64}},"62":{"start":{"line":153,"column":8},"end":{"line":153,"column":69}},"63":{"start":{"line":154,"column":8},"end":{"line":154,"column":75}},"64":{"start":{"line":158,"column":29},"end":{"line":173,"column":1}},"65":{"start":{"line":159,"column":17},"end":{"line":159,"column":27}},"66":{"start":{"line":161,"column":20},"end":{"line":161,"column":28}},"67":{"start":{"line":163,"column":4},"end":{"line":165,"column":5}},"68":{"start":{"line":164,"column":8},"end":{"line":164,"column":83}},"69":{"start":{"line":167,"column":4},"end":{"line":172,"column":5}},"70":{"start":{"line":168,"column":31},"end":{"line":168,"column":87}},"71":{"start":{"line":169,"column":8},"end":{"line":169,"column":68}},"72":{"start":{"line":171,"column":8},"end":{"line":171,"column":71}},"73":{"start":{"line":175,"column":29},"end":{"line":207,"column":1}},"74":{"start":{"line":176,"column":17},"end":{"line":176,"column":27}},"75":{"start":{"line":178,"column":4},"end":{"line":206,"column":5}},"76":{"start":{"line":180,"column":8},"end":{"line":180,"column":23}},"77":{"start":{"line":183,"column":8},"end":{"line":185,"column":9}},"78":{"start":{"line":184,"column":12},"end":{"line":184,"column":99}},"79":{"start":{"line":188,"column":24},"end":{"line":188,"column":50}},"80":{"start":{"line":189,"column":8},"end":{"line":191,"column":9}},"81":{"start":{"line":190,"column":12},"end":{"line":190,"column":91}},"82":{"start":{"line":194,"column":8},"end":{"line":194,"column":34}},"83":{"start":{"line":197,"column":8},"end":{"line":200,"column":10}},"84":{"start":{"line":202,"column":8},"end":{"line":202,"column":90}},"85":{"start":{"line":204,"column":8},"end":{"line":204,"column":67}},"86":{"start":{"line":205,"column":8},"end":{"line":205,"column":75}},"87":{"start":{"line":209,"column":39},"end":{"line":227,"column":1}},"88":{"start":{"line":210,"column":31},"end":{"line":210,"column":41}},"89":{"start":{"line":212,"column":4},"end":{"line":226,"column":5}},"90":{"start":{"line":214,"column":27},"end":{"line":214,"column":88}},"91":{"start":{"line":215,"column":8},"end":{"line":217,"column":9}},"92":{"start":{"line":216,"column":12},"end":{"line":216,"column":94}},"93":{"start":{"line":220,"column":24},"end":{"line":220,"column":79}},"94":{"start":{"line":222,"column":8},"end":{"line":222,"column":63}},"95":{"start":{"line":224,"column":8},"end":{"line":224,"column":74}},"96":{"start":{"line":225,"column":8},"end":{"line":225,"column":75}}},"fnMap":{"0":{"name":"(anonymous_0)","decl":{"start":{"line":11,"column":27},"end":{"line":11,"column":28}},"loc":{"start":{"line":11,"column":47},"end":{"line":19,"column":1}},"line":11},"1":{"name":"(anonymous_1)","decl":{"start":{"line":22,"column":29},"end":{"line":22,"column":30}},"loc":{"start":{"line":22,"column":49},"end":{"line":71,"column":1}},"line":22},"2":{"name":"(anonymous_2)","decl":{"start":{"line":74,"column":26},"end":{"line":74,"column":27}},"loc":{"start":{"line":74,"column":46},"end":{"line":136,"column":1}},"line":74},"3":{"name":"(anonymous_3)","decl":{"start":{"line":138,"column":34},"end":{"line":138,"column":35}},"loc":{"start":{"line":138,"column":54},"end":{"line":156,"column":1}},"line":138},"4":{"name":"(anonymous_4)","decl":{"start":{"line":158,"column":29},"end":{"line":158,"column":30}},"loc":{"start":{"line":158,"column":49},"end":{"line":173,"column":1}},"line":158},"5":{"name":"(anonymous_5)","decl":{"start":{"line":175,"column":29},"end":{"line":175,"column":30}},"loc":{"start":{"line":175,"column":49},"end":{"line":207,"column":1}},"line":175},"6":{"name":"(anonymous_6)","decl":{"start":{"line":209,"column":39},"end":{"line":209,"column":40}},"loc":{"start":{"line":209,"column":59},"end":{"line":227,"column":1}},"line":209}},"branchMap":{"0":{"loc":{"start":{"line":26,"column":4},"end":{"line":28,"column":5}},"type":"if","locations":[{"start":{"line":26,"column":4},"end":{"line":28,"column":5}},{"start":{},"end":{}}],"line":26},"1":{"loc":{"start":{"line":26,"column":8},"end":{"line":26,"column":150}},"type":"binary-expr","locations":[{"start":{"line":26,"column":8},"end":{"line":26,"column":28}},{"start":{"line":26,"column":32},"end":{"line":26,"column":49}},{"start":{"line":26,"column":53},"end":{"line":26,"column":76}},{"start":{"line":26,"column":80},"end":{"line":26,"column":98}},{"start":{"line":26,"column":102},"end":{"line":26,"column":125}},{"start":{"line":26,"column":129},"end":{"line":26,"column":150}}],"line":26},"2":{"loc":{"start":{"line":33,"column":8},"end":{"line":35,"column":9}},"type":"if","locations":[{"start":{"line":33,"column":8},"end":{"line":35,"column":9}},{"start":{},"end":{}}],"line":33},"3":{"loc":{"start":{"line":45,"column":8},"end":{"line":50,"column":9}},"type":"if","locations":[{"start":{"line":45,"column":8},"end":{"line":50,"column":9}},{"start":{},"end":{}}],"line":45},"4":{"loc":{"start":{"line":65,"column":8},"end":{"line":69,"column":9}},"type":"if","locations":[{"start":{"line":65,"column":8},"end":{"line":69,"column":9}},{"start":{"line":67,"column":15},"end":{"line":69,"column":9}}],"line":65},"5":{"loc":{"start":{"line":78,"column":4},"end":{"line":80,"column":5}},"type":"if","locations":[{"start":{"line":78,"column":4},"end":{"line":80,"column":5}},{"start":{},"end":{}}],"line":78},"6":{"loc":{"start":{"line":78,"column":8},"end":{"line":78,"column":27}},"type":"binary-expr","locations":[{"start":{"line":78,"column":8},"end":{"line":78,"column":14}},{"start":{"line":78,"column":18},"end":{"line":78,"column":27}}],"line":78},"7":{"loc":{"start":{"line":88,"column":8},"end":{"line":101,"column":9}},"type":"if","locations":[{"start":{"line":88,"column":8},"end":{"line":101,"column":9}},{"start":{"line":90,"column":14},"end":{"line":101,"column":9}}],"line":88},"8":{"loc":{"start":{"line":93,"column":12},"end":{"line":100,"column":13}},"type":"if","locations":[{"start":{"line":93,"column":12},"end":{"line":100,"column":13}},{"start":{"line":95,"column":19},"end":{"line":100,"column":13}}],"line":93},"9":{"loc":{"start":{"line":97,"column":16},"end":{"line":99,"column":17}},"type":"if","locations":[{"start":{"line":97,"column":16},"end":{"line":99,"column":17}},{"start":{},"end":{}}],"line":97},"10":{"loc":{"start":{"line":104,"column":8},"end":{"line":106,"column":9}},"type":"if","locations":[{"start":{"line":104,"column":8},"end":{"line":106,"column":9}},{"start":{},"end":{}}],"line":104},"11":{"loc":{"start":{"line":109,"column":8},"end":{"line":111,"column":9}},"type":"if","locations":[{"start":{"line":109,"column":8},"end":{"line":111,"column":9}},{"start":{},"end":{}}],"line":109},"12":{"loc":{"start":{"line":121,"column":8},"end":{"line":129,"column":9}},"type":"if","locations":[{"start":{"line":121,"column":8},"end":{"line":129,"column":9}},{"start":{},"end":{}}],"line":121},"13":{"loc":{"start":{"line":124,"column":12},"end":{"line":126,"column":13}},"type":"if","locations":[{"start":{"line":124,"column":12},"end":{"line":126,"column":13}},{"start":{},"end":{}}],"line":124},"14":{"loc":{"start":{"line":144,"column":8},"end":{"line":146,"column":9}},"type":"if","locations":[{"start":{"line":144,"column":8},"end":{"line":146,"column":9}},{"start":{},"end":{}}],"line":144},"15":{"loc":{"start":{"line":163,"column":4},"end":{"line":165,"column":5}},"type":"if","locations":[{"start":{"line":163,"column":4},"end":{"line":165,"column":5}},{"start":{},"end":{}}],"line":163},"16":{"loc":{"start":{"line":183,"column":8},"end":{"line":185,"column":9}},"type":"if","locations":[{"start":{"line":183,"column":8},"end":{"line":185,"column":9}},{"start":{},"end":{}}],"line":183},"17":{"loc":{"start":{"line":189,"column":8},"end":{"line":191,"column":9}},"type":"if","locations":[{"start":{"line":189,"column":8},"end":{"line":191,"column":9}},{"start":{},"end":{}}],"line":189},"18":{"loc":{"start":{"line":215,"column":8},"end":{"line":217,"column":9}},"type":"if","locations":[{"start":{"line":215,"column":8},"end":{"line":217,"column":9}},{"start":{},"end":{}}],"line":215}},"s":{"0":1,"1":0,"2":0,"3":0,"4":0,"5":0,"6":1,"7":4,"8":4,"9":1,"10":3,"11":3,"12":3,"13":1,"14":2,"15":2,"16":1,"17":1,"18":1,"19":1,"20":1,"21":0,"22":0,"23":0,"24":0,"25":1,"26":0,"27":0,"28":0,"29":0,"30":0,"31":0,"32":0,"33":0,"34":0,"35":0,"36":0,"37":0,"38":0,"39":0,"40":0,"41":0,"42":0,"43":0,"44":0,"45":0,"46":0,"47":0,"48":0,"49":0,"50":0,"51":0,"52":0,"53":0,"54":1,"55":0,"56":0,"57":0,"58":0,"59":0,"60":0,"61":0,"62":0,"63":0,"64":1,"65":0,"66":0,"67":0,"68":0,"69":0,"70":0,"71":0,"72":0,"73":1,"74":0,"75":0,"76":0,"77":0,"78":0,"79":0,"80":0,"81":0,"82":0,"83":0,"84":0,"85":0,"86":0,"87":1,"88":0,"89":0,"90":0,"91":0,"92":0,"93":0,"94":0,"95":0,"96":0},"f":{"0":0,"1":4,"2":0,"3":0,"4":0,"5":0,"6":0},"b":{"0":[1,3],"1":[4,3,3,3,3,3],"2":[1,2],"3":[1,1],"4":[0,0],"5":[0,0],"6":[0,0],"7":[0,0],"8":[0,0],"9":[0,0],"10":[0,0],"11":[0,0],"12":[0,0],"13":[0,0],"14":[0,0],"15":[0,0],"16":[0,0],"17":[0,0],"18":[0,0]},"_coverageSchema":"1a1c01bbd47fc00a2c39e90264f33305004495a9","hash":"d85470c5c99755827649d17ccc5d3b2cdfab7d1a"}
,"C:\\Users\\HOME\\Documents\\GitHub\\group6\\backend\\models\\administrator.model.js": {"path":"C:\\Users\\HOME\\Documents\\GitHub\\group6\\backend\\models\\administrator.model.js","statementMap":{"0":{"start":{"line":3,"column":22},"end":{"line":28,"column":2}},"1":{"start":{"line":30,"column":22},"end":{"line":30,"column":68}}},"fnMap":{},"branchMap":{},"s":{"0":1,"1":1},"f":{},"b":{},"_coverageSchema":"1a1c01bbd47fc00a2c39e90264f33305004495a9","hash":"3f772aa5852bca3e87f0ab4b0f4f67c307649451"}
,"C:\\Users\\HOME\\Documents\\GitHub\\group6\\backend\\models\\department.model.js": {"path":"C:\\Users\\HOME\\Documents\\GitHub\\group6\\backend\\models\\department.model.js","statementMap":{"0":{"start":{"line":3,"column":19},"end":{"line":12,"column":2}},"1":{"start":{"line":14,"column":19},"end":{"line":14,"column":59}}},"fnMap":{},"branchMap":{},"s":{"0":1,"1":1},"f":{},"b":{},"_coverageSchema":"1a1c01bbd47fc00a2c39e90264f33305004495a9","hash":"0f219b888faf277c34569228e153a78a64b0c62a"}
,"C:\\Users\\HOME\\Documents\\GitHub\\group6\\backend\\models\\group.model.js": {"path":"C:\\Users\\HOME\\Documents\\GitHub\\group6\\backend\\models\\group.model.js","statementMap":{"0":{"start":{"line":3,"column":14},"end":{"line":32,"column":2}},"1":{"start":{"line":34,"column":14},"end":{"line":34,"column":44}}},"fnMap":{},"branchMap":{},"s":{"0":1,"1":1},"f":{},"b":{},"_coverageSchema":"1a1c01bbd47fc00a2c39e90264f33305004495a9","hash":"11d1f36cc6b0738ea1249c666d92b88f50fbe1de"}
,"C:\\Users\\HOME\\Documents\\GitHub\\group6\\backend\\models\\specialty.model.js": {"path":"C:\\Users\\HOME\\Documents\\GitHub\\group6\\backend\\models\\specialty.model.js","statementMap":{"0":{"start":{"line":3,"column":18},"end":{"line":16,"column":2}},"1":{"start":{"line":18,"column":18},"end":{"line":18,"column":56}}},"fnMap":{},"branchMap":{},"s":{"0":1,"1":1},"f":{},"b":{},"_coverageSchema":"1a1c01bbd47fc00a2c39e90264f33305004495a9","hash":"c73e08eeef3c7fc7071d70ce1b00a8c703ea411b"}
,"C:\\Users\\HOME\\Documents\\GitHub\\group6\\backend\\models\\student.model.js": {"path":"C:\\Users\\HOME\\Documents\\GitHub\\group6\\backend\\models\\student.model.js","statementMap":{"0":{"start":{"line":4,"column":16},"end":{"line":42,"column":2}},"1":{"start":{"line":45,"column":0},"end":{"line":45,"column":87}},"2":{"start":{"line":47,"column":16},"end":{"line":47,"column":50}}},"fnMap":{},"branchMap":{},"s":{"0":1,"1":1,"2":1},"f":{},"b":{},"_coverageSchema":"1a1c01bbd47fc00a2c39e90264f33305004495a9","hash":"a1e817230044c22afe580fa55c05755b3d05d371"}
,"C:\\Users\\HOME\\Documents\\GitHub\\group6\\backend\\models\\teacher.model.js": {"path":"C:\\Users\\HOME\\Documents\\GitHub\\group6\\backend\\models\\teacher.model.js","statementMap":{"0":{"start":{"line":3,"column":16},"end":{"line":28,"column":2}},"1":{"start":{"line":30,"column":16},"end":{"line":30,"column":50}}},"fnMap":{},"branchMap":{},"s":{"0":1,"1":1},"f":{},"b":{},"_coverageSchema":"1a1c01bbd47fc00a2c39e90264f33305004495a9","hash":"fa44425960ffa2dae0dd9c23813675a87968ab02"}
}
