{"E:\\Git\\project1\\group6\\backend\\controllers\\student.controller.js": {"path":"E:\\Git\\project1\\group6\\backend\\controllers\\student.controller.js","statementMap":{"0":{"start":{"line":11,"column":27},"end":{"line":19,"column":1}},"1":{"start":{"line":12,"column":4},"end":{"line":18,"column":5}},"2":{"start":{"line":13,"column":25},"end":{"line":13,"column":47}},"3":{"start":{"line":14,"column":8},"end":{"line":14,"column":63}},"4":{"start":{"line":16,"column":8},"end":{"line":16,"column":66}},"5":{"start":{"line":17,"column":8},"end":{"line":17,"column":73}},"6":{"start":{"line":22,"column":29},"end":{"line":71,"column":1}},"7":{"start":{"line":23,"column":24},"end":{"line":23,"column":32}},"8":{"start":{"line":26,"column":4},"end":{"line":28,"column":5}},"9":{"start":{"line":27,"column":8},"end":{"line":27,"column":104}},"10":{"start":{"line":30,"column":4},"end":{"line":70,"column":5}},"11":{"start":{"line":32,"column":22},"end":{"line":32,"column":81}},"12":{"start":{"line":33,"column":8},"end":{"line":35,"column":9}},"13":{"start":{"line":34,"column":12},"end":{"line":34,"column":110}},"14":{"start":{"line":38,"column":32},"end":{"line":43,"column":10}},"15":{"start":{"line":45,"column":8},"end":{"line":50,"column":9}},"16":{"start":{"line":46,"column":12},"end":{"line":49,"column":15}},"17":{"start":{"line":53,"column":27},"end":{"line":53,"column":51}},"18":{"start":{"line":54,"column":8},"end":{"line":54,"column":32}},"19":{"start":{"line":57,"column":8},"end":{"line":60,"column":10}},"20":{"start":{"line":62,"column":8},"end":{"line":62,"column":66}},"21":{"start":{"line":64,"column":8},"end":{"line":64,"column":64}},"22":{"start":{"line":65,"column":8},"end":{"line":69,"column":9}},"23":{"start":{"line":66,"column":12},"end":{"line":66,"column":112}},"24":{"start":{"line":68,"column":12},"end":{"line":68,"column":79}},"25":{"start":{"line":74,"column":26},"end":{"line":136,"column":1}},"26":{"start":{"line":75,"column":32},"end":{"line":75,"column":40}},"27":{"start":{"line":78,"column":4},"end":{"line":80,"column":5}},"28":{"start":{"line":79,"column":8},"end":{"line":79,"column":103}},"29":{"start":{"line":82,"column":4},"end":{"line":135,"column":5}},"30":{"start":{"line":83,"column":23},"end":{"line":83,"column":27}},"31":{"start":{"line":84,"column":19},"end":{"line":84,"column":23}},"32":{"start":{"line":87,"column":8},"end":{"line":87,"column":48}},"33":{"start":{"line":88,"column":8},"end":{"line":101,"column":9}},"34":{"start":{"line":89,"column":12},"end":{"line":89,"column":33}},"35":{"start":{"line":92,"column":12},"end":{"line":92,"column":52}},"36":{"start":{"line":93,"column":12},"end":{"line":100,"column":13}},"37":{"start":{"line":94,"column":16},"end":{"line":94,"column":37}},"38":{"start":{"line":96,"column":16},"end":{"line":96,"column":62}},"39":{"start":{"line":97,"column":16},"end":{"line":99,"column":17}},"40":{"start":{"line":98,"column":16},"end":{"line":98,"column":43}},"41":{"start":{"line":104,"column":8},"end":{"line":106,"column":9}},"42":{"start":{"line":105,"column":12},"end":{"line":105,"column":88}},"43":{"start":{"line":109,"column":8},"end":{"line":111,"column":9}},"44":{"start":{"line":110,"column":12},"end":{"line":110,"column":90}},"45":{"start":{"line":114,"column":23},"end":{"line":118,"column":9}},"46":{"start":{"line":121,"column":8},"end":{"line":129,"column":9}},"47":{"start":{"line":122,"column":26},"end":{"line":122,"column":78}},"48":{"start":{"line":124,"column":12},"end":{"line":126,"column":13}},"49":{"start":{"line":125,"column":16},"end":{"line":125,"column":110}},"50":{"start":{"line":128,"column":12},"end":{"line":128,"column":47}},"51":{"start":{"line":131,"column":8},"end":{"line":131,"column":39}},"52":{"start":{"line":133,"column":8},"end":{"line":133,"column":61}},"53":{"start":{"line":134,"column":8},"end":{"line":134,"column":75}},"54":{"start":{"line":138,"column":34},"end":{"line":161,"column":1}},"55":{"start":{"line":139,"column":26},"end":{"line":139,"column":36}},"56":{"start":{"line":142,"column":4},"end":{"line":144,"column":5}},"57":{"start":{"line":143,"column":8},"end":{"line":143,"column":92}},"58":{"start":{"line":146,"column":4},"end":{"line":160,"column":5}},"59":{"start":{"line":148,"column":22},"end":{"line":148,"column":68}},"60":{"start":{"line":149,"column":8},"end":{"line":151,"column":9}},"61":{"start":{"line":150,"column":12},"end":{"line":150,"column":89}},"62":{"start":{"line":154,"column":25},"end":{"line":154,"column":70}},"63":{"start":{"line":156,"column":8},"end":{"line":156,"column":64}},"64":{"start":{"line":158,"column":8},"end":{"line":158,"column":69}},"65":{"start":{"line":159,"column":8},"end":{"line":159,"column":75}}},"fnMap":{"0":{"name":"(anonymous_0)","decl":{"start":{"line":11,"column":27},"end":{"line":11,"column":28}},"loc":{"start":{"line":11,"column":47},"end":{"line":19,"column":1}},"line":11},"1":{"name":"(anonymous_1)","decl":{"start":{"line":22,"column":29},"end":{"line":22,"column":30}},"loc":{"start":{"line":22,"column":49},"end":{"line":71,"column":1}},"line":22},"2":{"name":"(anonymous_2)","decl":{"start":{"line":74,"column":26},"end":{"line":74,"column":27}},"loc":{"start":{"line":74,"column":46},"end":{"line":136,"column":1}},"line":74},"3":{"name":"(anonymous_3)","decl":{"start":{"line":138,"column":34},"end":{"line":138,"column":35}},"loc":{"start":{"line":138,"column":54},"end":{"line":161,"column":1}},"line":138}},"branchMap":{"0":{"loc":{"start":{"line":26,"column":4},"end":{"line":28,"column":5}},"type":"if","locations":[{"start":{"line":26,"column":4},"end":{"line":28,"column":5}},{"start":{},"end":{}}],"line":26},"1":{"loc":{"start":{"line":26,"column":8},"end":{"line":26,"column":150}},"type":"binary-expr","locations":[{"start":{"line":26,"column":8},"end":{"line":26,"column":28}},{"start":{"line":26,"column":32},"end":{"line":26,"column":49}},{"start":{"line":26,"column":53},"end":{"line":26,"column":76}},{"start":{"line":26,"column":80},"end":{"line":26,"column":98}},{"start":{"line":26,"column":102},"end":{"line":26,"column":125}},{"start":{"line":26,"column":129},"end":{"line":26,"column":150}}],"line":26},"2":{"loc":{"start":{"line":33,"column":8},"end":{"line":35,"column":9}},"type":"if","locations":[{"start":{"line":33,"column":8},"end":{"line":35,"column":9}},{"start":{},"end":{}}],"line":33},"3":{"loc":{"start":{"line":45,"column":8},"end":{"line":50,"column":9}},"type":"if","locations":[{"start":{"line":45,"column":8},"end":{"line":50,"column":9}},{"start":{},"end":{}}],"line":45},"4":{"loc":{"start":{"line":65,"column":8},"end":{"line":69,"column":9}},"type":"if","locations":[{"start":{"line":65,"column":8},"end":{"line":69,"column":9}},{"start":{"line":67,"column":15},"end":{"line":69,"column":9}}],"line":65},"5":{"loc":{"start":{"line":78,"column":4},"end":{"line":80,"column":5}},"type":"if","locations":[{"start":{"line":78,"column":4},"end":{"line":80,"column":5}},{"start":{},"end":{}}],"line":78},"6":{"loc":{"start":{"line":78,"column":8},"end":{"line":78,"column":27}},"type":"binary-expr","locations":[{"start":{"line":78,"column":8},"end":{"line":78,"column":14}},{"start":{"line":78,"column":18},"end":{"line":78,"column":27}}],"line":78},"7":{"loc":{"start":{"line":88,"column":8},"end":{"line":101,"column":9}},"type":"if","locations":[{"start":{"line":88,"column":8},"end":{"line":101,"column":9}},{"start":{"line":90,"column":14},"end":{"line":101,"column":9}}],"line":88},"8":{"loc":{"start":{"line":93,"column":12},"end":{"line":100,"column":13}},"type":"if","locations":[{"start":{"line":93,"column":12},"end":{"line":100,"column":13}},{"start":{"line":95,"column":19},"end":{"line":100,"column":13}}],"line":93},"9":{"loc":{"start":{"line":97,"column":16},"end":{"line":99,"column":17}},"type":"if","locations":[{"start":{"line":97,"column":16},"end":{"line":99,"column":17}},{"start":{},"end":{}}],"line":97},"10":{"loc":{"start":{"line":104,"column":8},"end":{"line":106,"column":9}},"type":"if","locations":[{"start":{"line":104,"column":8},"end":{"line":106,"column":9}},{"start":{},"end":{}}],"line":104},"11":{"loc":{"start":{"line":109,"column":8},"end":{"line":111,"column":9}},"type":"if","locations":[{"start":{"line":109,"column":8},"end":{"line":111,"column":9}},{"start":{},"end":{}}],"line":109},"12":{"loc":{"start":{"line":121,"column":8},"end":{"line":129,"column":9}},"type":"if","locations":[{"start":{"line":121,"column":8},"end":{"line":129,"column":9}},{"start":{},"end":{}}],"line":121},"13":{"loc":{"start":{"line":124,"column":12},"end":{"line":126,"column":13}},"type":"if","locations":[{"start":{"line":124,"column":12},"end":{"line":126,"column":13}},{"start":{},"end":{}}],"line":124},"14":{"loc":{"start":{"line":142,"column":4},"end":{"line":144,"column":5}},"type":"if","locations":[{"start":{"line":142,"column":4},"end":{"line":144,"column":5}},{"start":{},"end":{}}],"line":142},"15":{"loc":{"start":{"line":149,"column":8},"end":{"line":151,"column":9}},"type":"if","locations":[{"start":{"line":149,"column":8},"end":{"line":151,"column":9}},{"start":{},"end":{}}],"line":149}},"s":{"0":4,"1":2,"2":2,"3":1,"4":1,"5":1,"6":4,"7":4,"8":4,"9":1,"10":3,"11":3,"12":3,"13":1,"14":2,"15":2,"16":1,"17":1,"18":1,"19":1,"20":1,"21":0,"22":0,"23":0,"24":0,"25":4,"26":4,"27":4,"28":0,"29":4,"30":4,"31":4,"32":4,"33":4,"34":3,"35":1,"36":1,"37":0,"38":1,"39":1,"40":0,"41":4,"42":1,"43":3,"44":1,"45":2,"46":2,"47":2,"48":2,"49":1,"50":1,"51":1,"52":0,"53":0,"54":4,"55":4,"56":4,"57":1,"58":3,"59":3,"60":2,"61":1,"62":1,"63":1,"64":1,"65":1},"f":{"0":2,"1":4,"2":4,"3":4},"b":{"0":[1,3],"1":[4,3,3,3,3,3],"2":[1,2],"3":[1,1],"4":[0,0],"5":[0,4],"6":[4,4],"7":[3,1],"8":[0,1],"9":[0,1],"10":[1,3],"11":[1,2],"12":[2,0],"13":[1,1],"14":[1,3],"15":[1,1]},"_coverageSchema":"1a1c01bbd47fc00a2c39e90264f33305004495a9","hash":"21f45c5f8ede087249f4f1cdaf19c68dc57205ed"}
,"E:\\Git\\project1\\group6\\backend\\models\\administrator.model.js": {"path":"E:\\Git\\project1\\group6\\backend\\models\\administrator.model.js","statementMap":{"0":{"start":{"line":3,"column":22},"end":{"line":28,"column":2}},"1":{"start":{"line":30,"column":22},"end":{"line":30,"column":68}}},"fnMap":{},"branchMap":{},"s":{"0":4,"1":4},"f":{},"b":{},"_coverageSchema":"1a1c01bbd47fc00a2c39e90264f33305004495a9","hash":"e011fad2027aec2203b71d2c0000847ca91ff83d"}
,"E:\\Git\\project1\\group6\\backend\\models\\department.model.js": {"path":"E:\\Git\\project1\\group6\\backend\\models\\department.model.js","statementMap":{"0":{"start":{"line":3,"column":19},"end":{"line":12,"column":2}},"1":{"start":{"line":14,"column":19},"end":{"line":14,"column":59}}},"fnMap":{},"branchMap":{},"s":{"0":4,"1":4},"f":{},"b":{},"_coverageSchema":"1a1c01bbd47fc00a2c39e90264f33305004495a9","hash":"b88f2bc579ac7fb27441095eaac126a77333b7ae"}
,"E:\\Git\\project1\\group6\\backend\\models\\group.model.js": {"path":"E:\\Git\\project1\\group6\\backend\\models\\group.model.js","statementMap":{"0":{"start":{"line":3,"column":14},"end":{"line":32,"column":2}},"1":{"start":{"line":34,"column":14},"end":{"line":34,"column":44}}},"fnMap":{},"branchMap":{},"s":{"0":4,"1":4},"f":{},"b":{},"_coverageSchema":"1a1c01bbd47fc00a2c39e90264f33305004495a9","hash":"be2f03ab84995693bcebdf6e18f5508cbd60486e"}
,"E:\\Git\\project1\\group6\\backend\\models\\specialty.model.js": {"path":"E:\\Git\\project1\\group6\\backend\\models\\specialty.model.js","statementMap":{"0":{"start":{"line":3,"column":18},"end":{"line":16,"column":2}},"1":{"start":{"line":18,"column":18},"end":{"line":18,"column":56}}},"fnMap":{},"branchMap":{},"s":{"0":4,"1":4},"f":{},"b":{},"_coverageSchema":"1a1c01bbd47fc00a2c39e90264f33305004495a9","hash":"74b0f55f9bf704b420089edded7e1d5b22e56df8"}
,"E:\\Git\\project1\\group6\\backend\\models\\student.model.js": {"path":"E:\\Git\\project1\\group6\\backend\\models\\student.model.js","statementMap":{"0":{"start":{"line":4,"column":16},"end":{"line":42,"column":2}},"1":{"start":{"line":45,"column":0},"end":{"line":45,"column":87}},"2":{"start":{"line":47,"column":16},"end":{"line":47,"column":50}}},"fnMap":{},"branchMap":{},"s":{"0":4,"1":4,"2":4},"f":{},"b":{},"_coverageSchema":"1a1c01bbd47fc00a2c39e90264f33305004495a9","hash":"946146cb50a56695746ca50dfb2737c1980ef0d1"}
,"E:\\Git\\project1\\group6\\backend\\models\\teacher.model.js": {"path":"E:\\Git\\project1\\group6\\backend\\models\\teacher.model.js","statementMap":{"0":{"start":{"line":3,"column":16},"end":{"line":28,"column":2}},"1":{"start":{"line":30,"column":16},"end":{"line":30,"column":50}}},"fnMap":{},"branchMap":{},"s":{"0":4,"1":4},"f":{},"b":{},"_coverageSchema":"1a1c01bbd47fc00a2c39e90264f33305004495a9","hash":"2bf5584e0cbaa5077b02e2a0898b3a906f9be024"}
}
