TN:
SF:backend\controllers\student.controller.js
FN:11,(anonymous_0)
FN:22,(anonymous_1)
FN:74,(anonymous_2)
FN:138,(anonymous_3)
FNF:4
FNH:4
FNDA:2,(anonymous_0)
FNDA:4,(anonymous_1)
FNDA:4,(anonymous_2)
FNDA:4,(anonymous_3)
DA:11,4
DA:12,2
DA:13,2
DA:14,1
DA:16,1
DA:17,1
DA:22,4
DA:23,4
DA:26,4
DA:27,1
DA:30,3
DA:32,3
DA:33,3
DA:34,1
DA:38,2
DA:45,2
DA:46,1
DA:53,1
DA:54,1
DA:57,1
DA:62,1
DA:64,0
DA:65,0
DA:66,0
DA:68,0
DA:74,4
DA:75,4
DA:78,4
DA:79,0
DA:82,4
DA:83,4
DA:84,4
DA:87,4
DA:88,4
DA:89,3
DA:92,1
DA:93,1
DA:94,0
DA:96,1
DA:97,1
DA:98,0
DA:104,4
DA:105,1
DA:109,3
DA:110,1
DA:114,2
DA:121,2
DA:122,2
DA:124,2
DA:125,1
DA:128,1
DA:131,1
DA:133,0
DA:134,0
DA:138,4
DA:139,4
DA:142,4
DA:143,1
DA:146,3
DA:148,3
DA:149,2
DA:150,1
DA:154,1
DA:156,1
DA:158,1
DA:159,1
LF:66
LH:57
BRDA:26,0,0,1
BRDA:26,0,1,3
BRDA:26,1,0,4
BRDA:26,1,1,3
BRDA:26,1,2,3
BRDA:26,1,3,3
BRDA:26,1,4,3
BRDA:26,1,5,3
BRDA:33,2,0,1
BRDA:33,2,1,2
BRDA:45,3,0,1
BRDA:45,3,1,1
BRDA:65,4,0,0
BRDA:65,4,1,0
BRDA:78,5,0,0
BRDA:78,5,1,4
BRDA:78,6,0,4
BRDA:78,6,1,4
BRDA:88,7,0,3
BRDA:88,7,1,1
BRDA:93,8,0,0
BRDA:93,8,1,1
BRDA:97,9,0,0
BRDA:97,9,1,1
BRDA:104,10,0,1
BRDA:104,10,1,3
BRDA:109,11,0,1
BRDA:109,11,1,2
BRDA:121,12,0,2
BRDA:121,12,1,0
BRDA:124,13,0,1
BRDA:124,13,1,1
BRDA:142,14,0,1
BRDA:142,14,1,3
BRDA:149,15,0,1
BRDA:149,15,1,1
BRF:36
BRH:30
end_of_record
TN:
SF:backend\models\administrator.model.js
FNF:0
FNH:0
DA:3,4
DA:30,4
LF:2
LH:2
BRF:0
BRH:0
end_of_record
TN:
SF:backend\models\department.model.js
FNF:0
FNH:0
DA:3,4
DA:14,4
LF:2
LH:2
BRF:0
BRH:0
end_of_record
TN:
SF:backend\models\group.model.js
FNF:0
FNH:0
DA:3,4
DA:34,4
LF:2
LH:2
BRF:0
BRH:0
end_of_record
TN:
SF:backend\models\specialty.model.js
FNF:0
FNH:0
DA:3,4
DA:18,4
LF:2
LH:2
BRF:0
BRH:0
end_of_record
TN:
SF:backend\models\student.model.js
FNF:0
FNH:0
DA:4,4
DA:45,4
DA:47,4
LF:3
LH:3
BRF:0
BRH:0
end_of_record
TN:
SF:backend\models\teacher.model.js
FNF:0
FNH:0
DA:3,4
DA:30,4
LF:2
LH:2
BRF:0
BRH:0
end_of_record
